<?xml version="1.0" encoding="UTF-8"?>
<testng-results ignored="0" total="1" passed="1" failed="0" skipped="0">
  <reporter-output>
    <line>
      <![CDATA[omkar]]>
    </line>
  </reporter-output>
  <suite started-at="2022-11-13T21:23:24 IST" name="Default suite" finished-at="2022-11-13T21:23:24 IST" duration-ms="85">
    <groups>
    </groups>
    <test started-at="2022-11-13T21:23:24 IST" name="Default test" finished-at="2022-11-13T21:23:24 IST" duration-ms="85">
      <class name="UTILITY_CLASS.UTILITY">
        <test-method signature="ss()[pri:0, instance:UTILITY_CLASS.UTILITY@5c909414]" started-at="2022-11-13T21:23:24 IST" name="ss" finished-at="2022-11-13T21:23:24 IST" duration-ms="8" status="PASS">
          <reporter-output>
            <line>
              <![CDATA[omkar]]>
            </line>
          </reporter-output>
        </test-method> <!-- ss -->
      </class> <!-- UTILITY_CLASS.UTILITY -->
    </test> <!-- Default test -->
  </suite> <!-- Default suite -->
</testng-results>
